<?xml version="1.0" encoding="UTF-8"?>
<testsuite name="Cucumber" time="236.359" tests="15" skipped="0" failures="4" errors="0">
<testcase classname="ableToClickOnSearch" name="Validate the user is able to click on Search icon" time="9.737">
<system-out><![CDATA[
Given Browser is Launched and url is navigated..............................passed
And Handle the popUp........................................................passed
And Click on Paints and Colours.............................................passed
When User clicks on the Search icon.........................................passed
Then Search bar should be diplayed..........................................passed
]]></system-out>
</testcase>
<testcase classname="login" name="User should able to login" time="40.176">
<system-out><![CDATA[
Given Browser is Launched and url is navigated..............................passed
And Handle the popUp........................................................passed
And Click on Login icon.....................................................passed
When Enter Phonenumber of ten Digits........................................passed
And Click on proceed........................................................passed
And Validate the login......................................................passed
]]></system-out>
</testcase>
<testcase classname="colourBlender" name="Validate the user is able to see Blend Colours Page" time="10.471">
<system-out><![CDATA[
Given Browser is Launched and url is navigated..............................passed
And Handle the popUp........................................................passed
And User should hover on PaintsAndColours...................................passed
And Click on DiscoverMeraWalaShades.........................................passed
And Click on Lets Find Your Shade Button....................................passed
When Click on Creative and Fasionista.......................................passed
And Click on Lets dive in button............................................passed
Then Colour Picker page should be displayed.................................passed
]]></system-out>
</testcase>
<testcase classname="displayProducts" name="Validate the user is able to see all the products" time="12.356">
<system-out><![CDATA[
Given Browser is Launched and url is navigated..............................passed
And Handle the popUp........................................................passed
And Hover on Paints and Colours and Click on Interior Paints................passed
When Click on Luxury Explore................................................passed
And Display All Luxury products.............................................passed
Then Click on all...........................................................passed
And All products should be displayed........................................passed
]]></system-out>
</testcase>
<testcase classname="expandFAQ" name="Validate the user is able to navigate to FAQ and expand the Question" time="12.341">
<failure type="org.openqa.selenium.ElementClickInterceptedException" message="element click intercepted: Element &lt;h2 tabindex=&quot;0&quot; class=&quot;main-title focus-visible-auto-imp&quot;&gt;...&lt;/h2&gt; is not clickable at point (765, 17). Other element would receive the click: &lt;a href=&quot;https://www.asianpaints.com/products/waterproofing-solutions.html&quot; data-target=&quot;#Waterproofing&quot; class=&quot;track_section anchor-main&quot; tabindex=&quot;0&quot;&gt;...&lt;/a&gt;
  (Session info: chrome=130.0.6723.117)
Build info: version: '4.16.1', revision: '9b4c83354e'
System info: os.name: 'Windows 11', os.arch: 'amd64', os.version: '10.0', java.version: '22.0.1'
Driver info: org.openqa.selenium.chrome.ChromeDriver
Command: [58907fad7425c4d18ba2f13c47cadd26, clickElement {id=f.5229CEAB502F910D2823B9706811FEFB.d.ABC06AF7F7332740A70489779B9E27E8.e.324}]
Capabilities {acceptInsecureCerts: false, browserName: chrome, browserVersion: 130.0.6723.117, chrome: {chromedriverVersion: 130.0.6723.116 (6ac35f94ae3..., userDataDir: C:\Users\Praharshitha\AppDa...}, fedcm:accounts: true, goog:chromeOptions: {debuggerAddress: localhost:51922}, networkConnectionEnabled: false, pageLoadStrategy: normal, platformName: windows, proxy: Proxy(), se:cdp: ws://localhost:51922/devtoo..., se:cdpVersion: 130.0.6723.117, setWindowRect: true, strictFileInteractability: false, timeouts: {implicit: 0, pageLoad: 300000, script: 30000}, unhandledPromptBehavior: dismiss and notify, webauthn:extension:credBlob: true, webauthn:extension:largeBlob: true, webauthn:extension:minPinLength: true, webauthn:extension:prf: true, webauthn:virtualAuthenticators: true}
Element: [[ChromeDriver: chrome on windows (58907fad7425c4d18ba2f13c47cadd26)] -&gt; xpath: //h2[contains(text(),'FAQs for Interior Wall Paints')]]
Session ID: 58907fad7425c4d18ba2f13c47cadd26">
<![CDATA[org.openqa.selenium.ElementClickInterceptedException: element click intercepted: Element <h2 tabindex="0" class="main-title focus-visible-auto-imp">...</h2> is not clickable at point (765, 17). Other element would receive the click: <a href="https://www.asianpaints.com/products/waterproofing-solutions.html" data-target="#Waterproofing" class="track_section anchor-main" tabindex="0">...</a>
  (Session info: chrome=130.0.6723.117)
Build info: version: '4.16.1', revision: '9b4c83354e'
System info: os.name: 'Windows 11', os.arch: 'amd64', os.version: '10.0', java.version: '22.0.1'
Driver info: org.openqa.selenium.chrome.ChromeDriver
Command: [58907fad7425c4d18ba2f13c47cadd26, clickElement {id=f.5229CEAB502F910D2823B9706811FEFB.d.ABC06AF7F7332740A70489779B9E27E8.e.324}]
Capabilities {acceptInsecureCerts: false, browserName: chrome, browserVersion: 130.0.6723.117, chrome: {chromedriverVersion: 130.0.6723.116 (6ac35f94ae3..., userDataDir: C:\Users\Praharshitha\AppDa...}, fedcm:accounts: true, goog:chromeOptions: {debuggerAddress: localhost:51922}, networkConnectionEnabled: false, pageLoadStrategy: normal, platformName: windows, proxy: Proxy(), se:cdp: ws://localhost:51922/devtoo..., se:cdpVersion: 130.0.6723.117, setWindowRect: true, strictFileInteractability: false, timeouts: {implicit: 0, pageLoad: 300000, script: 30000}, unhandledPromptBehavior: dismiss and notify, webauthn:extension:credBlob: true, webauthn:extension:largeBlob: true, webauthn:extension:minPinLength: true, webauthn:extension:prf: true, webauthn:virtualAuthenticators: true}
Element: [[ChromeDriver: chrome on windows (58907fad7425c4d18ba2f13c47cadd26)] -> xpath: //h2[contains(text(),'FAQs for Interior Wall Paints')]]
Session ID: 58907fad7425c4d18ba2f13c47cadd26
	at java.base/jdk.internal.reflect.DirectConstructorHandleAccessor.newInstance(DirectConstructorHandleAccessor.java:62)
	at java.base/java.lang.reflect.Constructor.newInstanceWithCaller(Constructor.java:502)
	at java.base/java.lang.reflect.Constructor.newInstance(Constructor.java:486)
	at org.openqa.selenium.remote.codec.w3c.W3CHttpResponseCodec.createException(W3CHttpResponseCodec.java:200)
	at org.openqa.selenium.remote.codec.w3c.W3CHttpResponseCodec.decode(W3CHttpResponseCodec.java:133)
	at org.openqa.selenium.remote.codec.w3c.W3CHttpResponseCodec.decode(W3CHttpResponseCodec.java:52)
	at org.openqa.selenium.remote.HttpCommandExecutor.execute(HttpCommandExecutor.java:191)
	at org.openqa.selenium.remote.service.DriverCommandExecutor.invokeExecute(DriverCommandExecutor.java:200)
	at org.openqa.selenium.remote.service.DriverCommandExecutor.execute(DriverCommandExecutor.java:175)
	at org.openqa.selenium.remote.RemoteWebDriver.execute(RemoteWebDriver.java:523)
	at org.openqa.selenium.remote.RemoteWebElement.execute(RemoteWebElement.java:224)
	at org.openqa.selenium.remote.RemoteWebElement.click(RemoteWebElement.java:77)
	at java.base/jdk.internal.reflect.DirectMethodHandleAccessor.invoke(DirectMethodHandleAccessor.java:103)
	at java.base/java.lang.reflect.Method.invoke(Method.java:580)
	at org.openqa.selenium.support.pagefactory.internal.LocatingElementHandler.invoke(LocatingElementHandler.java:51)
	at jdk.proxy2/jdk.proxy2.$Proxy25.click(Unknown Source)
	at stepDefinations.ExpandFAQ.click_on_plus_icon(ExpandFAQ.java:43)
	at âœ½.Click on Text(file:///C:/Users/Praharshitha/eclipse-workspace/AsianPaints_project/./src/test/java/features/expandFAQ.feature:7)
]]>
</failure>
<system-out><![CDATA[
Given Browser is Launched and url is navigated..............................passed
And Handle the popUp........................................................passed
And Hover on Paints and Colours and Click on Interior Paints................passed
And Scroll down till the FAQ WebElement.....................................passed
When Click on Text..........................................................failed
Then Summery should be displayed............................................skipped
]]></system-out>
</testcase>
<testcase classname="filterAndCompare" name="User should able to Select Multiple filters" time="24.903">
<failure type="org.openqa.selenium.NoSuchElementException" message="no such element: Unable to locate element: {&quot;method&quot;:&quot;xpath&quot;,&quot;selector&quot;:&quot;//div[@class='walpaints-banner-right-section']//a[@class='animated-arrow-button trackCTA' ]&quot;}
  (Session info: chrome=130.0.6723.117)
For documentation on this error, please visit: https://www.selenium.dev/documentation/webdriver/troubleshooting/errors#no-such-element-exception
Build info: version: '4.16.1', revision: '9b4c83354e'
System info: os.name: 'Windows 11', os.arch: 'amd64', os.version: '10.0', java.version: '22.0.1'
Driver info: org.openqa.selenium.chrome.ChromeDriver
Command: [d6ff932fa362a77c6ae750653e9e53d2, findElement {using=xpath, value=//div[@class='walpaints-banner-right-section']//a[@class='animated-arrow-button trackCTA' ]}]
Capabilities {acceptInsecureCerts: false, browserName: chrome, browserVersion: 130.0.6723.117, chrome: {chromedriverVersion: 130.0.6723.116 (6ac35f94ae3..., userDataDir: C:\Users\Praharshitha\AppDa...}, fedcm:accounts: true, goog:chromeOptions: {debuggerAddress: localhost:51972}, networkConnectionEnabled: false, pageLoadStrategy: normal, platformName: windows, proxy: Proxy(), se:cdp: ws://localhost:51972/devtoo..., se:cdpVersion: 130.0.6723.117, setWindowRect: true, strictFileInteractability: false, timeouts: {implicit: 0, pageLoad: 300000, script: 30000}, unhandledPromptBehavior: dismiss and notify, webauthn:extension:credBlob: true, webauthn:extension:largeBlob: true, webauthn:extension:minPinLength: true, webauthn:extension:prf: true, webauthn:virtualAuthenticators: true}
Session ID: d6ff932fa362a77c6ae750653e9e53d2">
<![CDATA[org.openqa.selenium.NoSuchElementException: no such element: Unable to locate element: {"method":"xpath","selector":"//div[@class='walpaints-banner-right-section']//a[@class='animated-arrow-button trackCTA' ]"}
  (Session info: chrome=130.0.6723.117)
For documentation on this error, please visit: https://www.selenium.dev/documentation/webdriver/troubleshooting/errors#no-such-element-exception
Build info: version: '4.16.1', revision: '9b4c83354e'
System info: os.name: 'Windows 11', os.arch: 'amd64', os.version: '10.0', java.version: '22.0.1'
Driver info: org.openqa.selenium.chrome.ChromeDriver
Command: [d6ff932fa362a77c6ae750653e9e53d2, findElement {using=xpath, value=//div[@class='walpaints-banner-right-section']//a[@class='animated-arrow-button trackCTA' ]}]
Capabilities {acceptInsecureCerts: false, browserName: chrome, browserVersion: 130.0.6723.117, chrome: {chromedriverVersion: 130.0.6723.116 (6ac35f94ae3..., userDataDir: C:\Users\Praharshitha\AppDa...}, fedcm:accounts: true, goog:chromeOptions: {debuggerAddress: localhost:51972}, networkConnectionEnabled: false, pageLoadStrategy: normal, platformName: windows, proxy: Proxy(), se:cdp: ws://localhost:51972/devtoo..., se:cdpVersion: 130.0.6723.117, setWindowRect: true, strictFileInteractability: false, timeouts: {implicit: 0, pageLoad: 300000, script: 30000}, unhandledPromptBehavior: dismiss and notify, webauthn:extension:credBlob: true, webauthn:extension:largeBlob: true, webauthn:extension:minPinLength: true, webauthn:extension:prf: true, webauthn:virtualAuthenticators: true}
Session ID: d6ff932fa362a77c6ae750653e9e53d2
	at java.base/jdk.internal.reflect.DirectConstructorHandleAccessor.newInstance(DirectConstructorHandleAccessor.java:62)
	at java.base/java.lang.reflect.Constructor.newInstanceWithCaller(Constructor.java:502)
	at java.base/java.lang.reflect.Constructor.newInstance(Constructor.java:486)
	at org.openqa.selenium.remote.codec.w3c.W3CHttpResponseCodec.createException(W3CHttpResponseCodec.java:200)
	at org.openqa.selenium.remote.codec.w3c.W3CHttpResponseCodec.decode(W3CHttpResponseCodec.java:133)
	at org.openqa.selenium.remote.codec.w3c.W3CHttpResponseCodec.decode(W3CHttpResponseCodec.java:52)
	at org.openqa.selenium.remote.HttpCommandExecutor.execute(HttpCommandExecutor.java:191)
	at org.openqa.selenium.remote.service.DriverCommandExecutor.invokeExecute(DriverCommandExecutor.java:200)
	at org.openqa.selenium.remote.service.DriverCommandExecutor.execute(DriverCommandExecutor.java:175)
	at org.openqa.selenium.remote.RemoteWebDriver.execute(RemoteWebDriver.java:523)
	at org.openqa.selenium.remote.ElementLocation$ElementFinder$2.findElement(ElementLocation.java:165)
	at org.openqa.selenium.remote.ElementLocation.findElement(ElementLocation.java:59)
	at org.openqa.selenium.remote.RemoteWebDriver.findElement(RemoteWebDriver.java:360)
	at org.openqa.selenium.remote.RemoteWebDriver.findElement(RemoteWebDriver.java:354)
	at org.openqa.selenium.support.pagefactory.DefaultElementLocator.findElement(DefaultElementLocator.java:68)
	at org.openqa.selenium.support.pagefactory.internal.LocatingElementHandler.invoke(LocatingElementHandler.java:38)
	at jdk.proxy2/jdk.proxy2.$Proxy25.getAttribute(Unknown Source)
	at stepDefinations.FilterAndCompare.click_on_interior_walls(FilterAndCompare.java:61)
	at âœ½.Click on Interior walls(file:///C:/Users/Praharshitha/eclipse-workspace/AsianPaints_project/./src/test/java/features/filterandCompare.feature:9)
]]>
</failure>
<system-out><![CDATA[
Given Browser is Launched and url is navigated..............................passed
And Handle the popUp........................................................passed
And Click on shopping cart icon.............................................passed
When Click on Shop now......................................................passed
And Scroll the page till Interior walls.....................................passed
And Click on Interior walls.................................................failed
And Click on view all products..............................................skipped
Given Click on Filters......................................................skipped
When Click on Range button..................................................skipped
And Options should be displayed.............................................skipped
And Click on Primium Option.................................................skipped
And Click on Apply..........................................................skipped
Then Primium Products should be displayed...................................skipped
]]></system-out>
</testcase>
<testcase classname="filterAndCompare" name="User should able to Compare the products" time="14.732">
<system-out><![CDATA[
Given Browser is Launched and url is navigated..............................passed
And Handle the popUp........................................................passed
And Click on shopping cart icon.............................................passed
When Click on Shop now......................................................passed
And Scroll the page till Interior walls.....................................passed
And Click on Interior walls.................................................passed
And Click on view all products..............................................passed
Given Click on Compare......................................................passed
And Click on compare button of Royale Aspira................................passed
And Click on compare button of Royale Glitz.................................passed
When Click on Compare Now button............................................passed
Then Products comparisions should be displayed..............................passed
]]></system-out>
</testcase>
<testcase classname="hoverOnPaintsAndColours" name="Validate the user is able to hover on the PaintsAndColours" time="6.678">
<system-out><![CDATA[
Given Browser is Launched and url is navigated..............................passed
And Handle the popUp........................................................passed
When User should hover on PaintsAndColours..................................passed
Then All Options should be displayed........................................passed
]]></system-out>
</testcase>
<testcase classname="paintStoreNearMe" name="Validate the user is able to get the correct requred address when pincode is entered" time="13.456">
<failure type="org.openqa.selenium.ElementClickInterceptedException" message="element click intercepted: Element &lt;h4 class=&quot;d-md-block storeBlock&quot; data-makercount=&quot;0&quot; style=&quot; cursor: pointer; &quot;&gt;...&lt;/h4&gt; is not clickable at point (150, 45). Other element would receive the click: &lt;img loading=&quot;eager&quot; fetchpriority=&quot;high&quot; height=&quot;32&quot; width=&quot;50&quot; alt=&quot;asian-paints-home&quot; title=&quot;asian-paints-home&quot; style=&quot;width: 100%; height: 100%;&quot; src=&quot;//static.asianpaints.com/etc.clientlibs/apcolourcatalogue/clientlibs/clientlib-global-unification/resources/images/header/asian-paints-logo.webp&quot;&gt;
  (Session info: chrome=130.0.6723.117)
Build info: version: '4.16.1', revision: '9b4c83354e'
System info: os.name: 'Windows 11', os.arch: 'amd64', os.version: '10.0', java.version: '22.0.1'
Driver info: org.openqa.selenium.chrome.ChromeDriver
Command: [58f724082d4b1122dd19186bf63b9a97, clickElement {id=f.E7D593A31525B88356331F986A64355D.d.EF555D532A77557AE326CD22E8C1D80E.e.322}]
Capabilities {acceptInsecureCerts: false, browserName: chrome, browserVersion: 130.0.6723.117, chrome: {chromedriverVersion: 130.0.6723.116 (6ac35f94ae3..., userDataDir: C:\Users\Praharshitha\AppDa...}, fedcm:accounts: true, goog:chromeOptions: {debuggerAddress: localhost:52128}, networkConnectionEnabled: false, pageLoadStrategy: normal, platformName: windows, proxy: Proxy(), se:cdp: ws://localhost:52128/devtoo..., se:cdpVersion: 130.0.6723.117, setWindowRect: true, strictFileInteractability: false, timeouts: {implicit: 0, pageLoad: 300000, script: 30000}, unhandledPromptBehavior: dismiss and notify, webauthn:extension:credBlob: true, webauthn:extension:largeBlob: true, webauthn:extension:minPinLength: true, webauthn:extension:prf: true, webauthn:virtualAuthenticators: true}
Element: [[ChromeDriver: chrome on windows (58f724082d4b1122dd19186bf63b9a97)] -&gt; xpath: //h4[text()=' Sree Ganapathy Hardware [sgh] ']]
Session ID: 58f724082d4b1122dd19186bf63b9a97">
<![CDATA[org.openqa.selenium.ElementClickInterceptedException: element click intercepted: Element <h4 class="d-md-block storeBlock" data-makercount="0" style=" cursor: pointer; ">...</h4> is not clickable at point (150, 45). Other element would receive the click: <img loading="eager" fetchpriority="high" height="32" width="50" alt="asian-paints-home" title="asian-paints-home" style="width: 100%; height: 100%;" src="//static.asianpaints.com/etc.clientlibs/apcolourcatalogue/clientlibs/clientlib-global-unification/resources/images/header/asian-paints-logo.webp">
  (Session info: chrome=130.0.6723.117)
Build info: version: '4.16.1', revision: '9b4c83354e'
System info: os.name: 'Windows 11', os.arch: 'amd64', os.version: '10.0', java.version: '22.0.1'
Driver info: org.openqa.selenium.chrome.ChromeDriver
Command: [58f724082d4b1122dd19186bf63b9a97, clickElement {id=f.E7D593A31525B88356331F986A64355D.d.EF555D532A77557AE326CD22E8C1D80E.e.322}]
Capabilities {acceptInsecureCerts: false, browserName: chrome, browserVersion: 130.0.6723.117, chrome: {chromedriverVersion: 130.0.6723.116 (6ac35f94ae3..., userDataDir: C:\Users\Praharshitha\AppDa...}, fedcm:accounts: true, goog:chromeOptions: {debuggerAddress: localhost:52128}, networkConnectionEnabled: false, pageLoadStrategy: normal, platformName: windows, proxy: Proxy(), se:cdp: ws://localhost:52128/devtoo..., se:cdpVersion: 130.0.6723.117, setWindowRect: true, strictFileInteractability: false, timeouts: {implicit: 0, pageLoad: 300000, script: 30000}, unhandledPromptBehavior: dismiss and notify, webauthn:extension:credBlob: true, webauthn:extension:largeBlob: true, webauthn:extension:minPinLength: true, webauthn:extension:prf: true, webauthn:virtualAuthenticators: true}
Element: [[ChromeDriver: chrome on windows (58f724082d4b1122dd19186bf63b9a97)] -> xpath: //h4[text()=' Sree Ganapathy Hardware [sgh] ']]
Session ID: 58f724082d4b1122dd19186bf63b9a97
	at java.base/jdk.internal.reflect.DirectConstructorHandleAccessor.newInstance(DirectConstructorHandleAccessor.java:62)
	at java.base/java.lang.reflect.Constructor.newInstanceWithCaller(Constructor.java:502)
	at java.base/java.lang.reflect.Constructor.newInstance(Constructor.java:486)
	at org.openqa.selenium.remote.codec.w3c.W3CHttpResponseCodec.createException(W3CHttpResponseCodec.java:200)
	at org.openqa.selenium.remote.codec.w3c.W3CHttpResponseCodec.decode(W3CHttpResponseCodec.java:133)
	at org.openqa.selenium.remote.codec.w3c.W3CHttpResponseCodec.decode(W3CHttpResponseCodec.java:52)
	at org.openqa.selenium.remote.HttpCommandExecutor.execute(HttpCommandExecutor.java:191)
	at org.openqa.selenium.remote.service.DriverCommandExecutor.invokeExecute(DriverCommandExecutor.java:200)
	at org.openqa.selenium.remote.service.DriverCommandExecutor.execute(DriverCommandExecutor.java:175)
	at org.openqa.selenium.remote.RemoteWebDriver.execute(RemoteWebDriver.java:523)
	at org.openqa.selenium.remote.RemoteWebElement.execute(RemoteWebElement.java:224)
	at org.openqa.selenium.remote.RemoteWebElement.click(RemoteWebElement.java:77)
	at java.base/jdk.internal.reflect.DirectMethodHandleAccessor.invoke(DirectMethodHandleAccessor.java:103)
	at java.base/java.lang.reflect.Method.invoke(Method.java:580)
	at org.openqa.selenium.support.pagefactory.internal.LocatingElementHandler.invoke(LocatingElementHandler.java:51)
	at jdk.proxy2/jdk.proxy2.$Proxy25.click(Unknown Source)
	at stepDefinations.PaintStoresNearMe.address_should_be_displayed(PaintStoresNearMe.java:130)
	at âœ½.Address should be displayed(file:///C:/Users/Praharshitha/eclipse-workspace/AsianPaints_project/./src/test/java/features/paintStroreNearMe.feature:9)
]]>
</failure>
<system-out><![CDATA[
Given Browser is Launched and url is navigated..............................passed
And Handle the popUp........................................................passed
And User should  be hover on PaintsAndColours...............................passed
And Click on Paint Store Near Me............................................passed
When Pincode should be entered..............................................passed
And Click on search button..................................................passed
Then Address should be displayed............................................failed
And Validate the address....................................................skipped
]]></system-out>
</testcase>
<testcase classname="searchingColours" name="Validate User is able to search the colours in SearchBar - #1.1" time="14.054">
<system-out><![CDATA[
Given Browser is Launched and url is navigated..............................passed
And Handle the popUp........................................................passed
And User should hover and Click on PaintsAndColours.........................passed
And Click on shopping cart icon.............................................passed
When Click on search........................................................passed
And Enter the 1 colour Name.................................................passed
And Click on see all results button.........................................passed
Then Related colourname colours should be displayed.........................passed
]]></system-out>
</testcase>
<testcase classname="searchingColours" name="Validate User is able to search the colours in SearchBar - #1.2" time="8.284">
<failure type="org.openqa.selenium.ElementClickInterceptedException" message="element click intercepted: Element &lt;img loading=&quot;lazy&quot; fetchpriority=&quot;auto&quot; src=&quot;//static.asianpaints.com/etc.clientlibs/apcolourcatalogue/clientlibs/clientlib-global-unification/resources/images/header/cart-icon/cart-button.svg&quot; alt=&quot;cart-button&quot; title=&quot;cart-button&quot; height=&quot;20&quot; width=&quot;20&quot; data-toggle=&quot;modal&quot; data-target=&quot;#cartModal&quot; class=&quot;iconLinks__cart cart-js-handle track_minicart&quot;&gt; is not clickable at point (1280, 100). Other element would receive the click: &lt;div class=&quot;modal search-modal fade-scale in&quot; tabindex=&quot;-1&quot; role=&quot;dialog&quot; id=&quot;unified-search-popup&quot; style=&quot;display: block;&quot;&gt;...&lt;/div&gt;
  (Session info: chrome=130.0.6723.117)
Build info: version: '4.16.1', revision: '9b4c83354e'
System info: os.name: 'Windows 11', os.arch: 'amd64', os.version: '10.0', java.version: '22.0.1'
Driver info: org.openqa.selenium.chrome.ChromeDriver
Command: [89504afca6b8ceca7f6c6907f5b9cd08, clickElement {id=f.8016DD2C0CF6108C1504DAB7139B2ACF.d.89833D7F91D88DF023CC7EEE68A1ADCD.e.146}]
Capabilities {acceptInsecureCerts: false, browserName: chrome, browserVersion: 130.0.6723.117, chrome: {chromedriverVersion: 130.0.6723.116 (6ac35f94ae3..., userDataDir: C:\Users\Praharshitha\AppDa...}, fedcm:accounts: true, goog:chromeOptions: {debuggerAddress: localhost:52246}, networkConnectionEnabled: false, pageLoadStrategy: normal, platformName: windows, proxy: Proxy(), se:cdp: ws://localhost:52246/devtoo..., se:cdpVersion: 130.0.6723.117, setWindowRect: true, strictFileInteractability: false, timeouts: {implicit: 0, pageLoad: 300000, script: 30000}, unhandledPromptBehavior: dismiss and notify, webauthn:extension:credBlob: true, webauthn:extension:largeBlob: true, webauthn:extension:minPinLength: true, webauthn:extension:prf: true, webauthn:virtualAuthenticators: true}
Element: [[ChromeDriver: chrome on windows (89504afca6b8ceca7f6c6907f5b9cd08)] -&gt; xpath: //img[@alt='cart-button']]
Session ID: 89504afca6b8ceca7f6c6907f5b9cd08">
<![CDATA[org.openqa.selenium.ElementClickInterceptedException: element click intercepted: Element <img loading="lazy" fetchpriority="auto" src="//static.asianpaints.com/etc.clientlibs/apcolourcatalogue/clientlibs/clientlib-global-unification/resources/images/header/cart-icon/cart-button.svg" alt="cart-button" title="cart-button" height="20" width="20" data-toggle="modal" data-target="#cartModal" class="iconLinks__cart cart-js-handle track_minicart"> is not clickable at point (1280, 100). Other element would receive the click: <div class="modal search-modal fade-scale in" tabindex="-1" role="dialog" id="unified-search-popup" style="display: block;">...</div>
  (Session info: chrome=130.0.6723.117)
Build info: version: '4.16.1', revision: '9b4c83354e'
System info: os.name: 'Windows 11', os.arch: 'amd64', os.version: '10.0', java.version: '22.0.1'
Driver info: org.openqa.selenium.chrome.ChromeDriver
Command: [89504afca6b8ceca7f6c6907f5b9cd08, clickElement {id=f.8016DD2C0CF6108C1504DAB7139B2ACF.d.89833D7F91D88DF023CC7EEE68A1ADCD.e.146}]
Capabilities {acceptInsecureCerts: false, browserName: chrome, browserVersion: 130.0.6723.117, chrome: {chromedriverVersion: 130.0.6723.116 (6ac35f94ae3..., userDataDir: C:\Users\Praharshitha\AppDa...}, fedcm:accounts: true, goog:chromeOptions: {debuggerAddress: localhost:52246}, networkConnectionEnabled: false, pageLoadStrategy: normal, platformName: windows, proxy: Proxy(), se:cdp: ws://localhost:52246/devtoo..., se:cdpVersion: 130.0.6723.117, setWindowRect: true, strictFileInteractability: false, timeouts: {implicit: 0, pageLoad: 300000, script: 30000}, unhandledPromptBehavior: dismiss and notify, webauthn:extension:credBlob: true, webauthn:extension:largeBlob: true, webauthn:extension:minPinLength: true, webauthn:extension:prf: true, webauthn:virtualAuthenticators: true}
Element: [[ChromeDriver: chrome on windows (89504afca6b8ceca7f6c6907f5b9cd08)] -> xpath: //img[@alt='cart-button']]
Session ID: 89504afca6b8ceca7f6c6907f5b9cd08
	at java.base/jdk.internal.reflect.DirectConstructorHandleAccessor.newInstance(DirectConstructorHandleAccessor.java:62)
	at java.base/java.lang.reflect.Constructor.newInstanceWithCaller(Constructor.java:502)
	at java.base/java.lang.reflect.Constructor.newInstance(Constructor.java:486)
	at org.openqa.selenium.remote.codec.w3c.W3CHttpResponseCodec.createException(W3CHttpResponseCodec.java:200)
	at org.openqa.selenium.remote.codec.w3c.W3CHttpResponseCodec.decode(W3CHttpResponseCodec.java:133)
	at org.openqa.selenium.remote.codec.w3c.W3CHttpResponseCodec.decode(W3CHttpResponseCodec.java:52)
	at org.openqa.selenium.remote.HttpCommandExecutor.execute(HttpCommandExecutor.java:191)
	at org.openqa.selenium.remote.service.DriverCommandExecutor.invokeExecute(DriverCommandExecutor.java:200)
	at org.openqa.selenium.remote.service.DriverCommandExecutor.execute(DriverCommandExecutor.java:175)
	at org.openqa.selenium.remote.RemoteWebDriver.execute(RemoteWebDriver.java:523)
	at org.openqa.selenium.remote.RemoteWebElement.execute(RemoteWebElement.java:224)
	at org.openqa.selenium.remote.RemoteWebElement.click(RemoteWebElement.java:77)
	at java.base/jdk.internal.reflect.DirectMethodHandleAccessor.invoke(DirectMethodHandleAccessor.java:103)
	at java.base/java.lang.reflect.Method.invoke(Method.java:580)
	at org.openqa.selenium.support.pagefactory.internal.LocatingElementHandler.invoke(LocatingElementHandler.java:51)
	at jdk.proxy2/jdk.proxy2.$Proxy25.click(Unknown Source)
	at stepDefinations.FilterAndCompare.click_on_shopping_cart_icon(FilterAndCompare.java:33)
	at âœ½.Click on shopping cart icon(file:///C:/Users/Praharshitha/eclipse-workspace/AsianPaints_project/./src/test/java/features/searchingColours.feature:6)
]]>
</failure>
<system-out><![CDATA[
Given Browser is Launched and url is navigated..............................passed
And Handle the popUp........................................................passed
And User should hover and Click on PaintsAndColours.........................passed
And Click on shopping cart icon.............................................failed
When Click on search........................................................skipped
And Enter the 2 colour Name.................................................skipped
And Click on see all results button.........................................skipped
Then Related colourname colours should be displayed.........................skipped
]]></system-out>
</testcase>
<testcase classname="searchingColours" name="Validate User is able to search the colours in SearchBar - #1.3" time="14.72">
<system-out><![CDATA[
Given Browser is Launched and url is navigated..............................passed
And Handle the popUp........................................................passed
And User should hover and Click on PaintsAndColours.........................passed
And Click on shopping cart icon.............................................passed
When Click on search........................................................passed
And Enter the 3 colour Name.................................................passed
And Click on see all results button.........................................passed
Then Related colourname colours should be displayed.........................passed
]]></system-out>
</testcase>
<testcase classname="woodFurnitureChange" name="User should able to see the Wood Finish - #1.1" time="29.676">
<system-out><![CDATA[
Given Browser is Launched and url is navigated..............................passed
And Handle the popUp........................................................passed
And Hover on Paints and Colours and click on Wood Finish Visualizer.........passed
And Scroll to Spaces with Wood Finish Text..................................passed
When Click on Particular 1..................................................passed
And Click on Side Arrow and view the room...................................passed
Then Room should be displayed...............................................passed
]]></system-out>
</testcase>
<testcase classname="woodFurnitureChange" name="User should able to see the Wood Finish - #1.2" time="12.188">
<system-out><![CDATA[
Given Browser is Launched and url is navigated..............................passed
And Handle the popUp........................................................passed
And Hover on Paints and Colours and click on Wood Finish Visualizer.........passed
And Scroll to Spaces with Wood Finish Text..................................passed
When Click on Particular 2..................................................passed
And Click on Side Arrow and view the room...................................passed
Then Room should be displayed...............................................passed
]]></system-out>
</testcase>
<testcase classname="woodFurnitureChange" name="User should able to see the Wood Finish - #1.3" time="12.313">
<system-out><![CDATA[
Given Browser is Launched and url is navigated..............................passed
And Handle the popUp........................................................passed
And Hover on Paints and Colours and click on Wood Finish Visualizer.........passed
And Scroll to Spaces with Wood Finish Text..................................passed
When Click on Particular 3..................................................passed
And Click on Side Arrow and view the room...................................passed
Then Room should be displayed...............................................passed
]]></system-out>
</testcase>
</testsuite>
